
Input:				Value -7    Radix 10		Operand 4
Output:				Value		Maximum		Minimum
Binary (abs):			0b0111	0b1111	0b0000
Octal (abs):		           07       	017			0
Decimal (abs): 		         7        	15			0
Hex (abs):    		        0x7       	0xF			0x0
Binary (1's):			0b1000	0b1111	0b1000
Binary (2's):			0b1001	0b1111	0b1001
Binary (sign mag):		0b1111	0b0111	0b1111

Input:				Value -7    Radix 9		Operand 4
Error: not a valid operand or radix

Input:				Value -7    Radix 10		Operand 5
Error: not a valid operand or radix

Input:				Value -10    Radix 10		Operand 4
Output:				Value		Maximum		Minimum
Binary (abs):			0b1010	0b1111	0b0000
Octal (abs):		           012       	017			0
Decimal (abs): 		         10        	15			0
Hex (abs):    		        0xA       	0xF			0x0
Binary (1's):			0bError		0b1111	0b1000
Binary (2's):			0bError		0b1111	0b1001
Binary (sign mag):		0bError		0b0111	0b1111

Input:				Value 236    Radix 10		Operand 8
Output:				Value		Maximum		Minimum
Binary (abs):			0b11101100	0b11111111	0b00000000
Octal (abs):		           0354       	0377			0
Decimal (abs): 		         236        	255			0
Hex (abs):    		        0xEC       	0xFF			0x0
Binary (1's):			0bError		0b11111111	0b10000000
Binary (2's):			0bError		0b11111111	0b10000001
Binary (sign mag):		0bError		0b01111111	0b11111111

Input:				Value 236    Radix 8		Operand 8
Output:				Value		Maximum		Minimum
Binary (abs):			0b11101100	0b11111111	0b00000000
Octal (abs):		           0354       	0377			0
Decimal (abs): 		         236        	255			0
Hex (abs):    		        0xEC       	0xFF			0x0
Binary (1's):			0bError		0b11111111	0b10000000
Binary (2's):			0bError		0b11111111	0b10000001
Binary (sign mag):		0bError		0b01111111	0b11111111

Input:				Value 235    Radix 16		Operand 8
Output:				Value		Maximum		Minimum
Binary (abs):			0b11101011	0b11111111	0b00000000
Octal (abs):		           0353       	0377			0
Decimal (abs): 		         235        	255			0
Hex (abs):    		        0xEB       	0xFF			0x0
Binary (1's):			0bError		0b11111111	0b10000000
Binary (2's):			0bError		0b11111111	0b10000001
Binary (sign mag):		0bError		0b01111111	0b11111111

Input:				Value -125    Radix 10		Operand 8
Output:				Value		Maximum		Minimum
Binary (abs):			0b01111101	0b11111111	0b00000000
Octal (abs):		           0175       	0377			0
Decimal (abs): 		         125        	255			0
Hex (abs):    		        0x7D       	0xFF			0x0
Binary (1's):			0b10000010	0b11111111	0b10000000
Binary (2's):			0b10000011	0b11111111	0b10000001
Binary (sign mag):		0b11111101	0b01111111	0b11111111

Input:				Value 65400    Radix 10		Operand 8
Output:				Value		Maximum		Minimum
Binary (abs):			0bError		0b11111111	0b00000000
Octal (abs):		           Error       	0377			0
Decimal (abs): 		         Error        	255			0
Hex (abs):    		        Error       	0xFF			0x0
Binary (1's):			0bError		0b11111111	0b10000000
Binary (2's):			0bError		0b11111111	0b10000001
Binary (sign mag):		0bError		0b01111111	0b11111111

Input:				Value 65400    Radix 10		Operand 16
Output:				Value		Maximum		Minimum
Binary (abs):			0b1111111101111000	0b1111111111111111	0b0000000000000000
Octal (abs):		           0177570       	0177777			0
Decimal (abs): 		         65400        	65535			0
Hex (abs):    		        0xFF78       	0xFFFF			0x0
Binary (1's):			0bError		0b1111111111111111	0b1000000000000000
Binary (2's):			0bError		0b1111111111111111	0b1000000000000001
Binary (sign mag):		0bError		0b0111111111111111	0b1111111111111111

Input:				Value -32701    Radix 10		Operand 16
Output:				Value		Maximum		Minimum
Binary (abs):			0b0111111110111101	0b1111111111111111	0b0000000000000000
Octal (abs):		           077675       	0177777			0
Decimal (abs): 		         32701        	65535			0
Hex (abs):    		        0x7FBD       	0xFFFF			0x0
Binary (1's):			0b1000000001000010	0b1111111111111111	0b1000000000000000
Binary (2's):			0b1000000001000011	0b1111111111111111	0b1000000000000001
Binary (sign mag):		0b1111111110111101	0b0111111111111111	0b1111111111111111
